This file contains any messages produced by compilers while
running configure, to aid debugging if configure makes a mistake.

It was created by libnl configure 1.1, which was
generated by GNU Autoconf 2.61.  Invocation command line was

  $ ./configure --host=arm-linux-gnueabihf- CC=arm-linux-gnueabihf-gcc AR=arm-linux-gnueabihf-ar LD=arm-linux-gnueabihf-ld

## --------- ##
## Platform. ##
## --------- ##

hostname = parallels-vm
uname -m = x86_64
uname -r = 4.13.0-41-generic
uname -s = Linux
uname -v = #46~16.04.1-Ubuntu SMP Thu May 3 10:06:43 UTC 2018

/usr/bin/uname -p = unknown
/bin/uname -X     = unknown

/bin/arch              = unknown
/usr/bin/arch -k       = unknown
/usr/convex/getsysinfo = unknown
/usr/bin/hostinfo      = unknown
/bin/machine           = unknown
/usr/bin/oslevel       = unknown
/bin/universe          = unknown

PATH: /home/parallels/bin
PATH: /home/parallels/.local/bin
PATH: /home/parallels/bin
PATH: /home/parallels/.local/bin
PATH: /usr/local/sbin
PATH: /usr/local/bin
PATH: /usr/sbin
PATH: /usr/bin
PATH: /sbin
PATH: /bin
PATH: /usr/games
PATH: /usr/local/games
PATH: /snap/bin
PATH: /opt/JLink_Linux_V631h_x86_64
PATH: /opt/usr/local/bin
PATH: /home/parallels/share/raspberry/tools/arm-bcm2708/gcc-linaro-arm-linux-gnueabihf-raspbian-x64/bin
PATH: /home/parallels/share/STM32/gcc-arm-none-eabi-5_4-2016q3/bin
PATH: /opt/JLink_Linux_V631h_x86_64
PATH: /opt/usr/local/bin
PATH: /home/parallels/share/raspberry/tools/arm-bcm2708/gcc-linaro-arm-linux-gnueabihf-raspbian-x64/bin
PATH: /home/parallels/share/STM32/gcc-arm-none-eabi-5_4-2016q3/bin


## ----------- ##
## Core tests. ##
## ----------- ##

configure:1667: checking for arm-linux-gnueabihf--gcc
configure:1694: result: arm-linux-gnueabihf-gcc
configure:1972: checking for C compiler version
configure:1979: arm-linux-gnueabihf-gcc --version >&5
arm-linux-gnueabihf-gcc (crosstool-NG linaro-1.13.1+bzr2650 - Linaro GCC 2014.03) 4.8.3 20140303 (prerelease)
Copyright (C) 2013 Free Software Foundation, Inc.
This is free software; see the source for copying conditions.  There is NO
warranty; not even for MERCHANTABILITY or FITNESS FOR A PARTICULAR PURPOSE.

configure:1982: $? = 0
configure:1989: arm-linux-gnueabihf-gcc -v >&5
Using built-in specs.
COLLECT_GCC=arm-linux-gnueabihf-gcc
COLLECT_LTO_WRAPPER=/home/parallels/share/raspberry/tools/arm-bcm2708/gcc-linaro-arm-linux-gnueabihf-raspbian-x64/bin/../libexec/gcc/arm-linux-gnueabihf/4.8.3/lto-wrapper
Target: arm-linux-gnueabihf
Configured with: /home/zhehe01/work/bzr/pi-build/builds/arm-linux-gnueabihf-raspbian-linux/.build/src/gcc-linaro-4.8-2014.03/configure --build=x86_64-build_unknown-linux-gnu --host=x86_64-build_unknown-linux-gnu --target=arm-linux-gnueabihf --prefix=/home/zhehe01/work/bzr/pi-build/builds/arm-linux-gnueabihf-raspbian-linux/install --with-sysroot=/home/zhehe01/work/bzr/pi-build/builds/arm-linux-gnueabihf-raspbian-linux/install/arm-linux-gnueabihf/libc --enable-languages=c,c++,fortran --disable-multilib --enable-multiarch --with-arch=armv6 --with-tune=arm1176jz-s --with-fpu=vfp --with-float=hard --with-pkgversion='crosstool-NG linaro-1.13.1+bzr2650 - Linaro GCC 2014.03' --with-bugurl=https://bugs.launchpad.net/gcc-linaro --enable-__cxa_atexit --enable-libmudflap --enable-libgomp --enable-libssp --with-gmp=/home/zhehe01/work/bzr/pi-build/builds/arm-linux-gnueabihf-raspbian-linux/.build/arm-linux-gnueabihf/build/static --with-mpfr=/home/zhehe01/work/bzr/pi-build/builds/arm-linux-gnueabihf-raspbian-linux/.build/arm-linux-gnueabihf/build/static --with-mpc=/home/zhehe01/work/bzr/pi-build/builds/arm-linux-gnueabihf-raspbian-linux/.build/arm-linux-gnueabihf/build/static --with-isl=/home/zhehe01/work/bzr/pi-build/builds/arm-linux-gnueabihf-raspbian-linux/.build/arm-linux-gnueabihf/build/static --with-cloog=/home/zhehe01/work/bzr/pi-build/builds/arm-linux-gnueabihf-raspbian-linux/.build/arm-linux-gnueabihf/build/static --with-libelf=/home/zhehe01/work/bzr/pi-build/builds/arm-linux-gnueabihf-raspbian-linux/.build/arm-linux-gnueabihf/build/static --enable-threads=posix --disable-libstdcxx-pch --enable-linker-build-id --enable-plugin --enable-gold --with-local-prefix=/home/zhehe01/work/bzr/pi-build/builds/arm-linux-gnueabihf-raspbian-linux/install/arm-linux-gnueabihf/libc --enable-c99 --enable-long-long --with-float=hard
Thread model: posix
gcc version 4.8.3 20140303 (prerelease) (crosstool-NG linaro-1.13.1+bzr2650 - Linaro GCC 2014.03) 
configure:1992: $? = 0
configure:1999: arm-linux-gnueabihf-gcc -V >&5
arm-linux-gnueabihf-gcc: error: unrecognized command line option '-V'
arm-linux-gnueabihf-gcc: fatal error: no input files
compilation terminated.
configure:2002: $? = 1
configure:2025: checking for C compiler default output file name
configure:2052: arm-linux-gnueabihf-gcc    conftest.c  >&5
configure:2055: $? = 0
configure:2093: result: a.out
configure:2110: checking whether the C compiler works
configure:2120: ./a.out
./configure: line 2121: ./a.out: cannot execute binary file: Exec format error
configure:2123: $? = 126
configure:2140: result: yes
configure:2147: checking whether we are cross compiling
configure:2149: result: yes
configure:2152: checking for suffix of executables
configure:2159: arm-linux-gnueabihf-gcc -o conftest    conftest.c  >&5
configure:2162: $? = 0
configure:2186: result: 
configure:2192: checking for suffix of object files
configure:2218: arm-linux-gnueabihf-gcc -c   conftest.c >&5
configure:2221: $? = 0
configure:2244: result: o
configure:2248: checking whether we are using the GNU C compiler
configure:2277: arm-linux-gnueabihf-gcc -c   conftest.c >&5
configure:2283: $? = 0
configure:2300: result: yes
configure:2305: checking whether arm-linux-gnueabihf-gcc accepts -g
configure:2335: arm-linux-gnueabihf-gcc -c -g  conftest.c >&5
configure:2341: $? = 0
configure:2440: result: yes
configure:2457: checking for arm-linux-gnueabihf-gcc option to accept ISO C89
configure:2531: arm-linux-gnueabihf-gcc  -c -g -O2  conftest.c >&5
configure:2537: $? = 0
configure:2560: result: none needed
configure:2622: checking for a BSD-compatible install
configure:2678: result: /usr/bin/install -c
configure:2691: checking for an ANSI C-conforming const
configure:2766: arm-linux-gnueabihf-gcc -c -g -O2  conftest.c >&5
configure:2772: $? = 0
configure:2787: result: yes
configure:2797: checking for inline
configure:2823: arm-linux-gnueabihf-gcc -c -g -O2  conftest.c >&5
configure:2829: $? = 0
configure:2847: result: inline
configure:2873: checking for pow in -lm
configure:2908: arm-linux-gnueabihf-gcc -o conftest -g -O2   conftest.c -lm   >&5
conftest.c:15:6: warning: conflicting types for built-in function 'pow' [enabled by default]
 char pow ();
      ^
configure:2914: $? = 0
configure:2932: result: yes
configure:3080: creating ./config.status

## ---------------------- ##
## Running config.status. ##
## ---------------------- ##

This file was extended by libnl config.status 1.1, which was
generated by GNU Autoconf 2.61.  Invocation command line was

  CONFIG_FILES    = 
  CONFIG_HEADERS  = 
  CONFIG_LINKS    = 
  CONFIG_COMMANDS = 
  $ ./config.status 

on parallels-vm

config.status:595: creating Makefile.opts
config.status:730: WARNING:  Makefile.opts.in seems to ignore the --datarootdir setting
config.status:595: creating libnl-1.pc
config.status:595: creating doc/Doxyfile
config.status:595: creating lib/defs.h
config.status:803: lib/defs.h is unchanged

## ---------------- ##
## Cache variables. ##
## ---------------- ##

ac_cv_c_compiler_gnu=yes
ac_cv_c_const=yes
ac_cv_c_inline=inline
ac_cv_env_CC_set=set
ac_cv_env_CC_value=arm-linux-gnueabihf-gcc
ac_cv_env_CFLAGS_set=
ac_cv_env_CFLAGS_value=
ac_cv_env_CPPFLAGS_set=
ac_cv_env_CPPFLAGS_value=
ac_cv_env_LDFLAGS_set=
ac_cv_env_LDFLAGS_value=
ac_cv_env_LIBS_set=
ac_cv_env_LIBS_value=
ac_cv_env_build_alias_set=
ac_cv_env_build_alias_value=
ac_cv_env_host_alias_set=set
ac_cv_env_host_alias_value=arm-linux-gnueabihf-
ac_cv_env_target_alias_set=
ac_cv_env_target_alias_value=
ac_cv_lib_m_pow=yes
ac_cv_objext=o
ac_cv_path_install='/usr/bin/install -c'
ac_cv_prog_CC=arm-linux-gnueabihf-gcc
ac_cv_prog_cc_c89=
ac_cv_prog_cc_g=yes

## ----------------- ##
## Output variables. ##
## ----------------- ##

CC='arm-linux-gnueabihf-gcc'
CFLAGS='-g -O2'
CPPFLAGS=''
DEFS='-DHAVE_CONFIG_H'
ECHO_C=''
ECHO_N='-n'
ECHO_T=''
EXEEXT=''
INSTALL_DATA='${INSTALL} -m 644'
INSTALL_PROGRAM='${INSTALL}'
INSTALL_SCRIPT='${INSTALL}'
LDFLAGS=''
LIBNL_LIB='-lm'
LIBOBJS=''
LIBS=''
LTLIBOBJS=''
OBJEXT='o'
PACKAGE_BUGREPORT='tgraf@suug.ch'
PACKAGE_NAME='libnl'
PACKAGE_STRING='libnl 1.1'
PACKAGE_TARNAME='libnl'
PACKAGE_VERSION='1.1'
PATH_SEPARATOR=':'
SHELL='/bin/bash'
ac_ct_CC=''
bindir='${exec_prefix}/bin'
build_alias=''
datadir='${datarootdir}'
datarootdir='${prefix}/share'
docdir='${datarootdir}/doc/${PACKAGE_TARNAME}'
dvidir='${docdir}'
exec_prefix='${prefix}'
host_alias='arm-linux-gnueabihf-'
htmldir='${docdir}'
includedir='${prefix}/include'
infodir='${datarootdir}/info'
libdir='${exec_prefix}/lib'
libexecdir='${exec_prefix}/libexec'
localedir='${datarootdir}/locale'
localstatedir='${prefix}/var'
mandir='${datarootdir}/man'
oldincludedir='/usr/include'
pdfdir='${docdir}'
prefix='/usr/local'
program_transform_name='s,x,x,'
psdir='${docdir}'
sbindir='${exec_prefix}/sbin'
sharedstatedir='${prefix}/com'
sysconfdir='${prefix}/etc'
target_alias=''

## ----------- ##
## confdefs.h. ##
## ----------- ##

#define PACKAGE_NAME "libnl"
#define PACKAGE_TARNAME "libnl"
#define PACKAGE_VERSION "1.1"
#define PACKAGE_STRING "libnl 1.1"
#define PACKAGE_BUGREPORT "tgraf@suug.ch"

configure: exit 0
